
2023-11-01 15:59:20,286 DEBUG MyClass - This is a debug message.
2023-11-01 15:59:20,289 INFO  MyClass - This is an info message.
2023-11-01 15:59:20,289 ERROR MyClass - This is an error message.
2023-11-01 16:00:00,474 DEBUG MyClass - This is a debug message.
2023-11-01 16:00:00,476 INFO  MyClass - This is an info message.
2023-11-01 16:00:00,476 ERROR MyClass - This is an error message.
2023-11-01 16:00:02,698 DEBUG MyClass - This is a debug message.
2023-11-01 16:00:02,701 INFO  MyClass - This is an info message.
2023-11-01 16:00:02,702 ERROR MyClass - This is an error message.
2023-11-01 16:00:16,446 DEBUG MyClass - This is a debug message.
2023-11-01 16:00:16,448 INFO  MyClass - This is an info message.
2023-11-01 16:00:16,449 ERROR MyClass - This is an error message.
2023-11-01 16:09:39,766 INFO  Main - Начало скачек. Количество участников:7
2023-11-01 16:11:09,887 INFO  Main - Начало скачек. Количество участников: 7
2023-11-01 16:11:30,472 INFO  Main - Окончание скачек. Победитель: Cherry
2023-11-02 11:12:47,427 ERROR Main -  Name is null
2023-11-02 11:30:29,498 DEBUG Main -  Создание Horse, имя[Кляча],скорость [0.1]
2023-11-02 11:30:29,503 DEBUG Main -  Создание Horse, имя[Кляча],скорость [0.1]
2023-11-02 11:38:47,491 ERROR Main -  Horses list is empty
2023-11-02 11:46:11,342 DEBUG Main -  Создание Horse, имя[Bucephalus],скорость [2.4]
2023-11-02 11:46:11,345 DEBUG Main -  Создание Horse, имя[Ace of Spades],скорость [2.5]
2023-11-02 11:46:11,345 DEBUG Main -  Создание Horse, имя[Zephyr],скорость [2.6]
2023-11-02 11:46:11,345 DEBUG Main -  Создание Horse, имя[Blaze],скорость [2.7]
2023-11-02 11:46:11,345 DEBUG Main -  Создание Horse, имя[Lobster],скорость [2.8]
2023-11-02 11:46:11,346 DEBUG Main -  Создание Horse, имя[Pegasus],скорость [2.9]
2023-11-02 11:46:11,346 DEBUG Main -  Создание Horse, имя[Cherry],скорость [3.0]
2023-11-02 11:46:11,346 INFO  Main - Начало скачек. Количество участников: 7
2023-11-02 11:46:11,347 DEBUG Main -  Создание Hippodrome, лошадей [7]
2023-11-02 12:01:55,492 DEBUG Main -  Создание Horse, имя[Кляча],скорость [0.1]
2023-11-02 12:01:55,499 DEBUG Main -  Создание Horse, имя[Кляча],скорость [0.1]
2023-11-02 12:01:55,499 DEBUG Main -  Создание Horse, имя[Кляча],скорость [0.1]
2023-11-02 12:01:55,501 ERROR Main -  Name is null
2023-11-02 12:01:55,531 ERROR Main -  Name is blank
2023-11-02 12:01:55,536 ERROR Main -  Name is blank
2023-11-02 12:01:55,537 ERROR Main -  Name is blank
2023-11-02 12:01:55,539 ERROR Main -  Name is blank
2023-11-02 12:01:55,541 ERROR Main -  Name is blank
2023-11-02 12:01:55,544 ERROR Main -  Name is blank
2023-11-02 12:01:55,547 ERROR Main -  Name is null
2023-11-02 12:01:55,551 ERROR Main -  Name is blank
2023-11-02 12:01:55,553 ERROR Main -  Name is blank
2023-11-02 12:01:55,555 ERROR Main -  Name is blank
2023-11-02 12:01:55,557 ERROR Main -  Name is blank
2023-11-02 12:01:55,559 ERROR Main -  Name is blank
2023-11-02 12:01:55,561 ERROR Main -  Name is blank
2023-11-02 12:01:56,345 DEBUG Main -  Создание Horse, имя[Кляча],скорость [1.0]
2023-11-02 12:01:56,375 ERROR Main -  Speed is negative
2023-11-02 12:01:56,378 ERROR Main -  Speed is negative
2023-11-02 12:01:56,382 ERROR Main -  Distance is negative
2023-11-02 12:01:56,385 ERROR Main -  Distance is negative
2023-11-02 12:01:56,393 DEBUG Main -  Создание Horse, имя[Кляча],скорость [10.0]
2023-11-02 12:01:56,397 DEBUG Main -  Создание Horse, имя[Кляча],скорость [0.1]
2023-11-02 12:01:56,399 DEBUG Main -  Создание Horse, имя[Кляча],скорость [0.1]
2023-11-02 12:01:56,406 ERROR Main -  Horses list is null
2023-11-02 12:01:56,409 ERROR Main -  Horses list is empty
2023-11-02 12:01:56,464 DEBUG Main -  Создание Hippodrome, лошадей [50]
2023-11-02 12:01:56,494 DEBUG Main -  Создание Horse, имя[Кляча],скорость [2.0]
2023-11-02 12:01:56,494 DEBUG Main -  Создание Horse, имя[Кляча],скорость [2.0]
2023-11-02 12:01:56,494 DEBUG Main -  Создание Horse, имя[Кляча],скорость [2.0]
2023-11-02 12:01:56,494 DEBUG Main -  Создание Horse, имя[Кляча],скорость [2.0]
2023-11-02 12:01:56,494 DEBUG Main -  Создание Horse, имя[Кляча],скорость [2.0]
2023-11-02 12:01:56,494 DEBUG Main -  Создание Horse, имя[Кляча],скорость [2.0]
2023-11-02 12:01:56,495 DEBUG Main -  Создание Horse, имя[Кляча],скорость [2.0]
2023-11-02 12:01:56,495 DEBUG Main -  Создание Horse, имя[Кляча],скорость [2.0]
2023-11-02 12:01:56,495 DEBUG Main -  Создание Horse, имя[Кляча],скорость [2.0]
2023-11-02 12:01:56,495 DEBUG Main -  Создание Horse, имя[Кляча],скорость [2.0]
2023-11-02 12:01:56,495 DEBUG Main -  Создание Horse, имя[Кляча],скорость [2.0]
2023-11-02 12:01:56,495 DEBUG Main -  Создание Horse, имя[Кляча],скорость [2.0]
2023-11-02 12:01:56,495 DEBUG Main -  Создание Horse, имя[Кляча],скорость [2.0]
2023-11-02 12:01:56,495 DEBUG Main -  Создание Horse, имя[Кляча],скорость [2.0]
2023-11-02 12:01:56,495 DEBUG Main -  Создание Horse, имя[Кляча],скорость [2.0]
2023-11-02 12:01:56,495 DEBUG Main -  Создание Horse, имя[Кляча],скорость [2.0]
2023-11-02 12:01:56,496 DEBUG Main -  Создание Horse, имя[Кляча],скорость [2.0]
2023-11-02 12:01:56,496 DEBUG Main -  Создание Horse, имя[Кляча],скорость [2.0]
2023-11-02 12:01:56,496 DEBUG Main -  Создание Horse, имя[Кляча],скорость [2.0]
2023-11-02 12:01:56,496 DEBUG Main -  Создание Horse, имя[Кляча],скорость [2.0]
2023-11-02 12:01:56,496 DEBUG Main -  Создание Horse, имя[Кляча],скорость [2.0]
2023-11-02 12:01:56,496 DEBUG Main -  Создание Horse, имя[Кляча],скорость [2.0]
2023-11-02 12:01:56,496 DEBUG Main -  Создание Horse, имя[Кляча],скорость [2.0]
2023-11-02 12:01:56,496 DEBUG Main -  Создание Horse, имя[Кляча],скорость [2.0]
2023-11-02 12:01:56,497 DEBUG Main -  Создание Horse, имя[Кляча],скорость [2.0]
2023-11-02 12:01:56,497 DEBUG Main -  Создание Horse, имя[Кляча],скорость [2.0]
2023-11-02 12:01:56,497 DEBUG Main -  Создание Horse, имя[Кляча],скорость [2.0]
2023-11-02 12:01:56,497 DEBUG Main -  Создание Horse, имя[Кляча],скорость [2.0]
2023-11-02 12:01:56,497 DEBUG Main -  Создание Horse, имя[Кляча],скорость [2.0]
2023-11-02 12:01:56,497 DEBUG Main -  Создание Horse, имя[Кляча],скорость [2.0]
2023-11-02 12:01:56,497 DEBUG Main -  Создание Hippodrome, лошадей [80]
2023-11-02 12:01:56,501 DEBUG Main -  Создание Hippodrome, лошадей [3]
2023-11-02 12:03:29,436 DEBUG Main -  Создание Horse, имя[Кляча],скорость [0.1]
2023-11-02 12:03:29,442 DEBUG Main -  Создание Horse, имя[Кляча],скорость [0.1]
2023-11-02 12:03:29,443 DEBUG Main -  Создание Horse, имя[Кляча],скорость [0.1]
2023-11-02 12:03:29,445 ERROR Main -  Name is null
2023-11-02 12:03:29,475 ERROR Main -  Name is blank
2023-11-02 12:03:29,479 ERROR Main -  Name is blank
2023-11-02 12:03:29,481 ERROR Main -  Name is blank
2023-11-02 12:03:29,484 ERROR Main -  Name is blank
2023-11-02 12:03:29,487 ERROR Main -  Name is blank
2023-11-02 12:03:29,489 ERROR Main -  Name is blank
2023-11-02 12:03:29,492 ERROR Main -  Name is null
2023-11-02 12:03:29,496 ERROR Main -  Name is blank
2023-11-02 12:03:29,499 ERROR Main -  Name is blank
2023-11-02 12:03:29,502 ERROR Main -  Name is blank
2023-11-02 12:03:29,504 ERROR Main -  Name is blank
2023-11-02 12:03:29,506 ERROR Main -  Name is blank
2023-11-02 12:03:29,508 ERROR Main -  Name is blank
2023-11-02 12:03:30,185 DEBUG Main -  Создание Horse, имя[Кляча],скорость [1.0]
2023-11-02 12:03:30,214 ERROR Main -  Speed is negative
2023-11-02 12:03:30,217 ERROR Main -  Speed is negative
2023-11-02 12:03:30,220 ERROR Main -  Distance is negative
2023-11-02 12:03:30,225 ERROR Main -  Distance is negative
2023-11-02 12:03:30,231 DEBUG Main -  Создание Horse, имя[Кляча],скорость [10.0]
2023-11-02 12:03:30,235 DEBUG Main -  Создание Horse, имя[Кляча],скорость [0.1]
2023-11-02 12:03:30,238 DEBUG Main -  Создание Horse, имя[Кляча],скорость [0.1]
2023-11-02 12:03:30,245 ERROR Main -  Horses list is null
2023-11-02 12:03:30,247 ERROR Main -  Horses list is empty
2023-11-02 12:03:30,305 DEBUG Main -  Создание Hippodrome, лошадей [50]
2023-11-02 12:03:30,339 DEBUG Main -  Создание Horse, имя[Кляча],скорость [2.0]
2023-11-02 12:03:30,339 DEBUG Main -  Создание Horse, имя[Кляча],скорость [2.0]
2023-11-02 12:03:30,340 DEBUG Main -  Создание Horse, имя[Кляча],скорость [2.0]
2023-11-02 12:03:30,340 DEBUG Main -  Создание Horse, имя[Кляча],скорость [2.0]
2023-11-02 12:03:30,340 DEBUG Main -  Создание Horse, имя[Кляча],скорость [2.0]
2023-11-02 12:03:30,340 DEBUG Main -  Создание Horse, имя[Кляча],скорость [2.0]
2023-11-02 12:03:30,340 DEBUG Main -  Создание Horse, имя[Кляча],скорость [2.0]
2023-11-02 12:03:30,340 DEBUG Main -  Создание Horse, имя[Кляча],скорость [2.0]
2023-11-02 12:03:30,340 DEBUG Main -  Создание Horse, имя[Кляча],скорость [2.0]
2023-11-02 12:03:30,340 DEBUG Main -  Создание Horse, имя[Кляча],скорость [2.0]
2023-11-02 12:03:30,340 DEBUG Main -  Создание Horse, имя[Кляча],скорость [2.0]
2023-11-02 12:03:30,340 DEBUG Main -  Создание Horse, имя[Кляча],скорость [2.0]
2023-11-02 12:03:30,340 DEBUG Main -  Создание Horse, имя[Кляча],скорость [2.0]
2023-11-02 12:03:30,340 DEBUG Main -  Создание Horse, имя[Кляча],скорость [2.0]
2023-11-02 12:03:30,340 DEBUG Main -  Создание Horse, имя[Кляча],скорость [2.0]
2023-11-02 12:03:30,341 DEBUG Main -  Создание Horse, имя[Кляча],скорость [2.0]
2023-11-02 12:03:30,341 DEBUG Main -  Создание Horse, имя[Кляча],скорость [2.0]
2023-11-02 12:03:30,341 DEBUG Main -  Создание Horse, имя[Кляча],скорость [2.0]
2023-11-02 12:03:30,341 DEBUG Main -  Создание Horse, имя[Кляча],скорость [2.0]
2023-11-02 12:03:30,341 DEBUG Main -  Создание Horse, имя[Кляча],скорость [2.0]
2023-11-02 12:03:30,341 DEBUG Main -  Создание Horse, имя[Кляча],скорость [2.0]
2023-11-02 12:03:30,341 DEBUG Main -  Создание Horse, имя[Кляча],скорость [2.0]
2023-11-02 12:03:30,341 DEBUG Main -  Создание Horse, имя[Кляча],скорость [2.0]
2023-11-02 12:03:30,341 DEBUG Main -  Создание Horse, имя[Кляча],скорость [2.0]
2023-11-02 12:03:30,341 DEBUG Main -  Создание Horse, имя[Кляча],скорость [2.0]
2023-11-02 12:03:30,341 DEBUG Main -  Создание Horse, имя[Кляча],скорость [2.0]
2023-11-02 12:03:30,341 DEBUG Main -  Создание Horse, имя[Кляча],скорость [2.0]
2023-11-02 12:03:30,342 DEBUG Main -  Создание Horse, имя[Кляча],скорость [2.0]
2023-11-02 12:03:30,342 DEBUG Main -  Создание Horse, имя[Кляча],скорость [2.0]
2023-11-02 12:03:30,342 DEBUG Main -  Создание Horse, имя[Кляча],скорость [2.0]
2023-11-02 12:03:30,342 DEBUG Main -  Создание Hippodrome, лошадей [80]
2023-11-02 12:03:30,346 DEBUG Main -  Создание Hippodrome, лошадей [3]
